1553713083407:help
1553713099505:question-create "How are you?"
1553715646485:help
1553715656893:question-create "Are you mad?"
1553715676219:question-create "Is everything ok?"
1553719305926:help
1553719322820:question-create "How are you doing?"
1553719485944:craete-question "Are you mad> \n"
1553719497831:create question "Are you mad?"
1553719507916:create-question "Are you mad?"
1553719524502:question-create "Are you mad?"
1553719984444:question-create "Are you here?"
1553721320825:question-create "Are you mad? \n"
1553721385072:question-create "How are you? Normal?"
1553723037991:qc "How are you?"
1553723718577:qc "hoW?"
1553723938757:qc "rewrwr"
1553724341185:qc "hewq?"
1553724852227:qc "create?"
1553724954770:qc "asdads"
1553725040355:qc "W"
1553725102735:qc "qweq"
1553725664943:qc "dsadasd"
1553725739121:qc "dasdasd"
